2020-06-03 09:12:23.6259 OAService.Test.SaveBGCKaa 23办公用品领用(出库)单测试{"BGCKInfoc":[{"oano":"R0-BGYPLY1591112147668","sqr":"3931","sqbm":"128","sqrq":"2020-06-02 23:37:37","xh":0,"zs":2,"wlid":"BG0388","xqsl":"1.00","dwid":"18","cid":"BG0388"},{"oano":"R0-BGYPLY1591112147668","sqr":"3931","sqbm":"128","sqrq":"2020-06-02 23:37:37","xh":1,"zs":2,"wlid":"BG0324","xqsl":"1.00","dwid":"15","cid":"BG0324"}]}
2020-06-03 09:12:26.4563 OAService.Test.SaveBGCKaa 办公用品领用(出库)单错误:Oracle.ManagedDataAccess.Client.OracleException (0x00000578): ORA-01400: 无法将 NULL 插入 ("RAVO2"."STORAGE_HEAD"."INPUT_DAY")
   在 OracleInternal.ServiceObjects.OracleCommandImpl.VerifyExecution(OracleConnectionImpl connectionImpl, Int32& cursorId, Boolean bThrowArrayBindRelatedErrors, OracleException& exceptionForArrayBindDML, Boolean& hasMoreRowsInDB, Boolean bFirstIterationDone)
   在 OracleInternal.ServiceObjects.OracleCommandImpl.VerifyExecution(OracleConnectionImpl connectionImpl, Int32& cursorId, Boolean bThrowArrayBindRelatedErrors, OracleException& exceptionForArrayBindDML, Boolean bFirstIterationDone)
   在 OracleInternal.ServiceObjects.OracleCommandImpl.ExecuteNonQuery(String commandText, OracleParameterCollection paramColl, CommandType commandType, OracleConnectionImpl connectionImpl, Int32 longFetchSize, Int32 lobPrefetchSize, OracleDependencyImpl orclDependencyImpl, Int64[]& scnFromExecution, OracleParameterCollection& bindByPositionParamColl, Boolean& bBindParamPresent, Boolean isFromEF)
   在 Oracle.ManagedDataAccess.Client.OracleCommand.ExecuteNonQuery()
   在 OAService.Test.SaveBGCKaa(String time, String type) 位置 C:\Users\user\source\repos\OAService\OAService\Test.asmx.cs:行号 832
2020-06-03 10:51:03.9415 OAService.Test.SaveBGCKaa 23办公用品领用(出库)单测试{"BGCKInfoc":[{"oano":"R0-BGYPLY1591152608012","sqr":"3931","sqbm":"128","sqrq":"2020-06-03 10:51:56","xh":0,"zs":2,"wlid":"BG0388","xqsl":"1.00","dwid":"18","cid":"BG0388"},{"oano":"R0-BGYPLY1591152608012","sqr":"3931","sqbm":"128","sqrq":"2020-06-03 10:51:56","xh":1,"zs":2,"wlid":"BG0324","xqsl":"1.00","dwid":"15","cid":"BG0324"}]}
2020-06-03 10:52:33.9831 OAService.Test.SaveBGCKaa 办公用品领用(出库)单错误:Oracle.ManagedDataAccess.Client.OracleException (0x000006BA): ORA-01722: 无效数字
   在 OracleInternal.ServiceObjects.OracleCommandImpl.VerifyExecution(OracleConnectionImpl connectionImpl, Int32& cursorId, Boolean bThrowArrayBindRelatedErrors, OracleException& exceptionForArrayBindDML, Boolean& hasMoreRowsInDB, Boolean bFirstIterationDone)
   在 OracleInternal.ServiceObjects.OracleCommandImpl.VerifyExecution(OracleConnectionImpl connectionImpl, Int32& cursorId, Boolean bThrowArrayBindRelatedErrors, OracleException& exceptionForArrayBindDML, Boolean bFirstIterationDone)
   在 OracleInternal.ServiceObjects.OracleCommandImpl.ExecuteNonQuery(String commandText, OracleParameterCollection paramColl, CommandType commandType, OracleConnectionImpl connectionImpl, Int32 longFetchSize, Int32 lobPrefetchSize, OracleDependencyImpl orclDependencyImpl, Int64[]& scnFromExecution, OracleParameterCollection& bindByPositionParamColl, Boolean& bBindParamPresent, Boolean isFromEF)
   在 Oracle.ManagedDataAccess.Client.OracleCommand.ExecuteNonQuery()
   在 OAService.Test.SaveBGCKaa(String time, String type) 位置 C:\Users\user\source\repos\OAService\OAService\Test.asmx.cs:行号 849
2020-06-03 10:52:39.0326 OAService.Test.SaveBGCKaa 23办公用品领用(出库)单测试{"BGCKInfoc":[{"oano":"R0-BGYPLY1591152608012","sqr":"3931","sqbm":"128","sqrq":"2020-06-03 10:51:56","xh":0,"zs":2,"wlid":"BG0388","xqsl":"1.00","dwid":"18","cid":"BG0388"},{"oano":"R0-BGYPLY1591152608012","sqr":"3931","sqbm":"128","sqrq":"2020-06-03 10:51:56","xh":1,"zs":2,"wlid":"BG0324","xqsl":"1.00","dwid":"15","cid":"BG0324"}]}
2020-06-03 10:55:24.6370 OAService.Test.SaveBGCKaa 23办公用品领用(出库)单测试{"BGCKInfoc":[{"oano":"R0-BGYPLY1591152608012","sqr":"3931","sqbm":"128","sqrq":"2020-06-03 10:51:56","xh":0,"zs":2,"wlid":"BG0388","xqsl":"1.00","dwid":"18","cid":"BG0388"},{"oano":"R0-BGYPLY1591152608012","sqr":"3931","sqbm":"128","sqrq":"2020-06-03 10:51:56","xh":1,"zs":2,"wlid":"BG0324","xqsl":"1.00","dwid":"15","cid":"BG0324"}]}
2020-06-03 10:56:06.6338 OAService.Test.SaveBGCKaa 办公用品领用(出库)单错误:Oracle.ManagedDataAccess.Client.OracleException (0x000006BA): ORA-01722: 无效数字
   在 OracleInternal.ServiceObjects.OracleCommandImpl.VerifyExecution(OracleConnectionImpl connectionImpl, Int32& cursorId, Boolean bThrowArrayBindRelatedErrors, OracleException& exceptionForArrayBindDML, Boolean& hasMoreRowsInDB, Boolean bFirstIterationDone)
   在 OracleInternal.ServiceObjects.OracleCommandImpl.VerifyExecution(OracleConnectionImpl connectionImpl, Int32& cursorId, Boolean bThrowArrayBindRelatedErrors, OracleException& exceptionForArrayBindDML, Boolean bFirstIterationDone)
   在 OracleInternal.ServiceObjects.OracleCommandImpl.ExecuteNonQuery(String commandText, OracleParameterCollection paramColl, CommandType commandType, OracleConnectionImpl connectionImpl, Int32 longFetchSize, Int32 lobPrefetchSize, OracleDependencyImpl orclDependencyImpl, Int64[]& scnFromExecution, OracleParameterCollection& bindByPositionParamColl, Boolean& bBindParamPresent, Boolean isFromEF)
   在 Oracle.ManagedDataAccess.Client.OracleCommand.ExecuteNonQuery()
   在 OAService.Test.SaveBGCKaa(String time, String type) 位置 C:\Users\user\source\repos\OAService\OAService\Test.asmx.cs:行号 849
2020-06-03 10:56:10.6161 OAService.Test.SaveBGCKaa 23办公用品领用(出库)单测试{"BGCKInfoc":[{"oano":"R0-BGYPLY1591152608012","sqr":"3931","sqbm":"128","sqrq":"2020-06-03 10:51:56","xh":0,"zs":2,"wlid":"BG0388","xqsl":"1.00","dwid":"18","cid":"BG0388"},{"oano":"R0-BGYPLY1591152608012","sqr":"3931","sqbm":"128","sqrq":"2020-06-03 10:51:56","xh":1,"zs":2,"wlid":"BG0324","xqsl":"1.00","dwid":"15","cid":"BG0324"}]}
2020-06-03 11:59:40.4067 OAService.Test.SaveBGCKaa 23办公用品领用(出库)单测试{"BGCKInfoc":[{"oano":"R0-BGYPLY1591156741799","sqr":"3931","sqbm":"128","sqrq":"2020-06-03 12:00:49","xh":0,"zs":2,"wlid":"BG0388","xqsl":"1.00","dwid":"18","cid":"595120"},{"oano":"R0-BGYPLY1591156741799","sqr":"3931","sqbm":"128","sqrq":"2020-06-03 12:00:49","xh":1,"zs":2,"wlid":"BG0324","xqsl":"1.00","dwid":"15","cid":"575757"}]}
2020-06-03 11:59:51.6915 OAService.Test.SaveBGCKaa 办公用品领用(出库)单SQL4 select * from out_storage_detial where oano='R0-BGYPLY1591156741799' and product_code ='BG0324'
2020-06-03 11:59:51.7134 OAService.Test.SaveBGCKaa 办公用品领用(出库)单SQL5 INSERT INTO out_storage_detial (ID_CODE,PRODUCT_CODE,INDEX_CODE,PCS,MANY,PRICE,WARE_UNIT,WAREHOUSE,RE_MARK,PUNIT,OUT_MANY,FID,OANO,CKOUT_MANY,STORAGE_DETIALID)  VALUES( 'BGCK20-00945','BG0324',11,1,0,0,'临时','20',null,'15','1.00',7407364,'R0-BGYPLY1591156741799',0,'575757') 
