2021-02-02 13:10:25.8664 OAService.MyPublic.KQleave.GetLeaveTime System.ArgumentException: 列“XBTIME2”不属于表 。
   在 System.Data.DataRow.GetDataColumn(String columnName)
   在 System.Data.DataRow.get_Item(String columnName)
   在 OAService.MyPublic.KQleave.GetLeaveTime(String time) 位置 E:\Code\OAService\OAService\MyPublic\KQleave.cs:行号 727
2021-02-02 13:10:38.0947 OAService.MyPublic.KQleave.GetLeaveTime System.IndexOutOfRangeException: 索引超出了数组界限。
   在 Oracle.ManagedDataAccess.Client.OracleDataReader.GetMinSchemaTable()
   在 Oracle.ManagedDataAccess.Client.OracleDataReader.set_IsFillReader(Boolean value)
   在 Oracle.ManagedDataAccess.Client.OracleDataAdapter.Fill(DataTable[] dataTables, Int32 startRecord, Int32 maxRecords, IDbCommand command, CommandBehavior behavior)
   在 System.Data.Common.DbDataAdapter.Fill(DataTable dataTable)
   在 OAService.MyPublic.KQleave.GetLeaveTime(String time) 位置 E:\Code\OAService\OAService\MyPublic\KQleave.cs:行号 89
2021-02-02 13:11:14.3187 OAService.MyPublic.KQleave.GetLeaveTime System.IndexOutOfRangeException: 索引超出了数组界限。
   在 Oracle.ManagedDataAccess.Client.OracleDataReader.GetMinSchemaTable()
   在 Oracle.ManagedDataAccess.Client.OracleDataReader.set_IsFillReader(Boolean value)
   在 Oracle.ManagedDataAccess.Client.OracleDataAdapter.Fill(DataTable[] dataTables, Int32 startRecord, Int32 maxRecords, IDbCommand command, CommandBehavior behavior)
   在 System.Data.Common.DbDataAdapter.Fill(DataTable dataTable)
   在 OAService.MyPublic.KQleave.GetLeaveTime(String time) 位置 E:\Code\OAService\OAService\MyPublic\KQleave.cs:行号 89
2021-02-02 13:11:25.1298 OAService.MyPublic.KQleave.GetLeaveTime System.IndexOutOfRangeException: 索引超出了数组界限。
   在 Oracle.ManagedDataAccess.Client.OracleDataReader.GetMinSchemaTable()
   在 Oracle.ManagedDataAccess.Client.OracleDataReader.set_IsFillReader(Boolean value)
   在 Oracle.ManagedDataAccess.Client.OracleDataAdapter.Fill(DataTable[] dataTables, Int32 startRecord, Int32 maxRecords, IDbCommand command, CommandBehavior behavior)
   在 System.Data.Common.DbDataAdapter.Fill(DataTable dataTable)
   在 OAService.MyPublic.KQleave.GetLeaveTime(String time) 位置 E:\Code\OAService\OAService\MyPublic\KQleave.cs:行号 89
2021-02-02 13:11:56.9020 OAService.MyPublic.KQleave.GetLeaveTime System.IndexOutOfRangeException: 索引超出了数组界限。
   在 Oracle.ManagedDataAccess.Client.OracleDataReader.GetMinSchemaTable()
   在 Oracle.ManagedDataAccess.Client.OracleDataReader.set_IsFillReader(Boolean value)
   在 Oracle.ManagedDataAccess.Client.OracleDataAdapter.Fill(DataTable[] dataTables, Int32 startRecord, Int32 maxRecords, IDbCommand command, CommandBehavior behavior)
   在 System.Data.Common.DbDataAdapter.Fill(DataTable dataTable)
   在 OAService.MyPublic.KQleave.GetLeaveTime(String time) 位置 E:\Code\OAService\OAService\MyPublic\KQleave.cs:行号 89
2021-02-02 13:15:23.4196 OAService.MyPublic.KQleave.GetLeaveTime System.IndexOutOfRangeException: 索引超出了数组界限。
   在 Oracle.ManagedDataAccess.Client.OracleDataReader.GetMinSchemaTable()
   在 Oracle.ManagedDataAccess.Client.OracleDataReader.set_IsFillReader(Boolean value)
   在 Oracle.ManagedDataAccess.Client.OracleDataAdapter.Fill(DataTable[] dataTables, Int32 startRecord, Int32 maxRecords, IDbCommand command, CommandBehavior behavior)
   在 System.Data.Common.DbDataAdapter.Fill(DataTable dataTable)
   在 OAService.MyPublic.KQleave.GetLeaveTime(String time) 位置 E:\Code\OAService\OAService\MyPublic\KQleave.cs:行号 89
